<?xml version="1.0" encoding="UTF-8"?>
<testsuite xmlns:xsi="http://www.w3.org/2001/XMLSchema-instance" xsi:noNamespaceSchemaLocation="https://maven.apache.org/surefire/maven-surefire-plugin/xsd/surefire-test-report-3.0.xsd" version="3.0" name="com.parsley.FirstTest" time="9.81" tests="4" errors="0" skipped="0" failures="0">
  <properties>
[...]
</properties>
  <testcase name="test1" classname="com.parsley.FirstTest" time="0.529">
    <system-out><![CDATA[15:45:18.186 [main] DEBUG org.springframework.test.context.BootstrapUtils - Instantiating CacheAwareContextLoaderDelegate from class [org.springframework.test.context.cache.DefaultCacheAwareContextLoaderDelegate]
15:45:18.195 [main] DEBUG org.springframework.test.context.BootstrapUtils - Instantiating BootstrapContext using constructor [public org.springframework.test.context.support.DefaultBootstrapContext(java.lang.Class,org.springframework.test.context.CacheAwareContextLoaderDelegate)]
15:45:18.225 [main] DEBUG org.springframework.test.context.BootstrapUtils - Instantiating TestContextBootstrapper for test class [com.parsley.FirstTest] from class [org.springframework.boot.test.context.SpringBootTestContextBootstrapper]
15:45:18.234 [main] INFO org.springframework.boot.test.context.SpringBootTestContextBootstrapper - Neither @ContextConfiguration nor @ContextHierarchy found for test class [com.parsley.FirstTest], using SpringBootContextLoader
15:45:18.237 [main] DEBUG org.springframework.test.context.support.AbstractContextLoader - Did not detect default resource location for test class [com.parsley.FirstTest]: class path resource [com/parsley/FirstTest-context.xml] does not exist
15:45:18.238 [main] DEBUG org.springframework.test.context.support.AbstractContextLoader - Did not detect default resource location for test class [com.parsley.FirstTest]: class path resource [com/parsley/FirstTestContext.groovy] does not exist
15:45:18.238 [main] INFO org.springframework.test.context.support.AbstractContextLoader - Could not detect default resource locations for test class [com.parsley.FirstTest]: no resource found for suffixes {-context.xml, Context.groovy}.
15:45:18.238 [main] INFO org.springframework.test.context.support.AnnotationConfigContextLoaderUtils - Could not detect default configuration classes for test class [com.parsley.FirstTest]: FirstTest does not declare any static, non-private, non-final, nested classes annotated with @Configuration.
15:45:18.271 [main] DEBUG org.springframework.test.context.support.ActiveProfilesUtils - Could not find an 'annotation declaring class' for annotation type [org.springframework.test.context.ActiveProfiles] and class [com.parsley.FirstTest]
15:45:18.324 [main] DEBUG org.springframework.context.annotation.ClassPathScanningCandidateComponentProvider - Identified candidate component class: file [D:\Study\IntelliJ IDEA 2022.3.2\MyData\HardwareCenter\RegisterCenter\target\classes\com\parsley\RegisterCenter.class]
15:45:18.325 [main] INFO org.springframework.boot.test.context.SpringBootTestContextBootstrapper - Found @SpringBootConfiguration com.parsley.RegisterCenter for test class com.parsley.FirstTest
15:45:18.398 [main] DEBUG org.springframework.boot.test.context.SpringBootTestContextBootstrapper - @TestExecutionListeners is not present for class [com.parsley.FirstTest]: using defaults.
15:45:18.399 [main] INFO org.springframework.boot.test.context.SpringBootTestContextBootstrapper - Loaded default TestExecutionListener class names from location [META-INF/spring.factories]: [org.springframework.boot.test.mock.mockito.MockitoTestExecutionListener, org.springframework.boot.test.mock.mockito.ResetMocksTestExecutionListener, org.springframework.boot.test.autoconfigure.restdocs.RestDocsTestExecutionListener, org.springframework.boot.test.autoconfigure.web.client.MockRestServiceServerResetTestExecutionListener, org.springframework.boot.test.autoconfigure.web.servlet.MockMvcPrintOnlyOnFailureTestExecutionListener, org.springframework.boot.test.autoconfigure.web.servlet.WebDriverTestExecutionListener, org.springframework.boot.test.autoconfigure.webservices.client.MockWebServiceServerTestExecutionListener, org.springframework.test.context.web.ServletTestExecutionListener, org.springframework.test.context.support.DirtiesContextBeforeModesTestExecutionListener, org.springframework.test.context.event.ApplicationEventsTestExecutionListener, org.springframework.test.context.support.DependencyInjectionTestExecutionListener, org.springframework.test.context.support.DirtiesContextTestExecutionListener, org.springframework.test.context.transaction.TransactionalTestExecutionListener, org.springframework.test.context.jdbc.SqlScriptsTestExecutionListener, org.springframework.test.context.event.EventPublishingTestExecutionListener]
15:45:18.413 [main] INFO org.springframework.boot.test.context.SpringBootTestContextBootstrapper - Using TestExecutionListeners: [org.springframework.test.context.web.ServletTestExecutionListener@18ece7f4, org.springframework.test.context.support.DirtiesContextBeforeModesTestExecutionListener@3cce57c7, org.springframework.test.context.event.ApplicationEventsTestExecutionListener@1cf56a1c, org.springframework.boot.test.mock.mockito.MockitoTestExecutionListener@33f676f6, org.springframework.boot.test.autoconfigure.SpringBootDependencyInjectionTestExecutionListener@4c5ae43b, org.springframework.test.context.support.DirtiesContextTestExecutionListener@264f218, org.springframework.test.context.transaction.TransactionalTestExecutionListener@3576ddc2, org.springframework.test.context.jdbc.SqlScriptsTestExecutionListener@35b74c5c, org.springframework.test.context.event.EventPublishingTestExecutionListener@2e570ded, org.springframework.boot.test.mock.mockito.ResetMocksTestExecutionListener@b86de0d, org.springframework.boot.test.autoconfigure.restdocs.RestDocsTestExecutionListener@81d9a72, org.springframework.boot.test.autoconfigure.web.client.MockRestServiceServerResetTestExecutionListener@747f281, org.springframework.boot.test.autoconfigure.web.servlet.MockMvcPrintOnlyOnFailureTestExecutionListener@1169afe1, org.springframework.boot.test.autoconfigure.web.servlet.WebDriverTestExecutionListener@2ca26d77, org.springframework.boot.test.autoconfigure.webservices.client.MockWebServiceServerTestExecutionListener@4808bc9b]
15:45:18.417 [main] DEBUG org.springframework.test.context.support.AbstractDirtiesContextTestExecutionListener - Before test class: context [DefaultTestContext@1b410b60 testClass = FirstTest, testInstance = [null], testMethod = [null], testException = [null], mergedContextConfiguration = [WebMergedContextConfiguration@2462cb01 testClass = FirstTest, locations = '{}', classes = '{class com.parsley.RegisterCenter}', contextInitializerClasses = '[]', activeProfiles = '{}', propertySourceLocations = '{}', propertySourceProperties = '{org.springframework.boot.test.context.SpringBootTestContextBootstrapper=true}', contextCustomizers = set[org.springframework.boot.test.context.filter.ExcludeFilterContextCustomizer@5aebe890, org.springframework.boot.test.json.DuplicateJsonObjectContextCustomizerFactory$DuplicateJsonObjectContextCustomizer@1190200a, org.springframework.boot.test.mock.mockito.MockitoContextCustomizer@0, org.springframework.boot.test.web.client.TestRestTemplateContextCustomizer@38102d01, org.springframework.boot.test.autoconfigure.actuate.metrics.MetricsExportContextCustomizerFactory$DisableMetricExportContextCustomizer@58ea606c, org.springframework.boot.test.autoconfigure.properties.PropertyMappingContextCustomizer@0, org.springframework.boot.test.autoconfigure.web.servlet.WebDriverContextCustomizerFactory$Customizer@3098cf3b, org.springframework.boot.test.context.SpringBootTestArgs@1, org.springframework.boot.test.context.SpringBootTestWebEnvironment@536aaa8d], resourceBasePath = 'src/main/webapp', contextLoader = 'org.springframework.boot.test.context.SpringBootContextLoader', parent = [null]], attributes = map['org.springframework.test.context.web.ServletTestExecutionListener.activateListener' -> true]], class annotated with @DirtiesContext [false] with mode [null].

  .   ____          _            __ _ _
 /\\ / ___'_ __ _ _(_)_ __  __ _ \ \ \ \
( ( )\___ | '_ | '_| | '_ \/ _` | \ \ \ \
 \\/  ___)| |_)| | | | | || (_| |  ) ) ) )
  '  |____| .__|_| |_|_| |_\__, | / / / /
 =========|_|==============|___/=/_/_/_/
 :: Spring Boot ::                (v2.7.5)

2023-05-26 15:45:20.324  INFO 17496 --- [           main] com.alibaba.nacos.common.remote.client   : [RpcClientFactory] create a new rpc client of 8cdad06c-cc80-4b40-9551-4e2c3f08ce31_config-0
2023-05-26 15:45:20.377  INFO 17496 --- [           main] org.reflections.Reflections              : Reflections took 30 ms to scan 1 urls, producing 3 keys and 6 values 
2023-05-26 15:45:20.403  INFO 17496 --- [           main] org.reflections.Reflections              : Reflections took 12 ms to scan 1 urls, producing 4 keys and 9 values 
2023-05-26 15:45:20.414  INFO 17496 --- [           main] org.reflections.Reflections              : Reflections took 9 ms to scan 1 urls, producing 3 keys and 10 values 
2023-05-26 15:45:20.426  INFO 17496 --- [           main] org.reflections.Reflections              : Reflections took 11 ms to scan 13 urls, producing 0 keys and 0 values 
2023-05-26 15:45:20.435  INFO 17496 --- [           main] org.reflections.Reflections              : Reflections took 9 ms to scan 1 urls, producing 1 keys and 5 values 
2023-05-26 15:45:20.446  INFO 17496 --- [           main] org.reflections.Reflections              : Reflections took 10 ms to scan 1 urls, producing 1 keys and 7 values 
2023-05-26 15:45:20.461  INFO 17496 --- [           main] org.reflections.Reflections              : Reflections took 13 ms to scan 1 urls, producing 2 keys and 8 values 
2023-05-26 15:45:20.472  INFO 17496 --- [           main] org.reflections.Reflections              : Reflections took 9 ms to scan 13 urls, producing 0 keys and 0 values 
2023-05-26 15:45:20.473  INFO 17496 --- [           main] com.alibaba.nacos.common.remote.client   : [8cdad06c-cc80-4b40-9551-4e2c3f08ce31_config-0] RpcClient init label, labels = {module=config, Vipserver-Tag=null, source=sdk, Amory-Tag=null, Location-Tag=null, taskId=0, AppName=unknown}
2023-05-26 15:45:20.474  INFO 17496 --- [           main] com.alibaba.nacos.common.remote.client   : [8cdad06c-cc80-4b40-9551-4e2c3f08ce31_config-0] Register server push request handler:com.alibaba.nacos.client.config.impl.ClientWorker$ConfigRpcTransportClient$$Lambda$641/2084920982
2023-05-26 15:45:20.474  INFO 17496 --- [           main] com.alibaba.nacos.common.remote.client   : [8cdad06c-cc80-4b40-9551-4e2c3f08ce31_config-0] Register server push request handler:com.alibaba.nacos.client.config.impl.ClientWorker$ConfigRpcTransportClient$$Lambda$642/9983638
2023-05-26 15:45:20.474  INFO 17496 --- [           main] com.alibaba.nacos.common.remote.client   : [8cdad06c-cc80-4b40-9551-4e2c3f08ce31_config-0] Registry connection listener to current client:com.alibaba.nacos.client.config.impl.ClientWorker$ConfigRpcTransportClient$1
2023-05-26 15:45:20.475  INFO 17496 --- [           main] com.alibaba.nacos.common.remote.client   : [8cdad06c-cc80-4b40-9551-4e2c3f08ce31_config-0] RpcClient init, ServerListFactory = com.alibaba.nacos.client.config.impl.ClientWorker$ConfigRpcTransportClient$2
2023-05-26 15:45:20.480  INFO 17496 --- [           main] com.alibaba.nacos.common.remote.client   : [8cdad06c-cc80-4b40-9551-4e2c3f08ce31_config-0] Try to connect to server on start up, server: {serverIp = 'localhost', server main port = 8848}
2023-05-26 15:45:22.021  INFO 17496 --- [           main] com.alibaba.nacos.common.remote.client   : [8cdad06c-cc80-4b40-9551-4e2c3f08ce31_config-0] Success to connect to server [localhost:8848] on start up, connectionId = 1685087121862_172.24.0.1_42428
2023-05-26 15:45:22.022  INFO 17496 --- [t.remote.worker] com.alibaba.nacos.common.remote.client   : [8cdad06c-cc80-4b40-9551-4e2c3f08ce31_config-0] Notify connected event to listeners.
2023-05-26 15:45:22.022  INFO 17496 --- [           main] com.alibaba.nacos.common.remote.client   : [8cdad06c-cc80-4b40-9551-4e2c3f08ce31_config-0] Register server push request handler:com.alibaba.nacos.common.remote.client.RpcClient$ConnectResetRequestHandler
2023-05-26 15:45:22.022  INFO 17496 --- [           main] com.alibaba.nacos.common.remote.client   : [8cdad06c-cc80-4b40-9551-4e2c3f08ce31_config-0] Register server push request handler:com.alibaba.nacos.common.remote.client.RpcClient$$Lambda$650/162144258
2023-05-26 15:45:22.063  WARN 17496 --- [           main] c.a.c.n.c.NacosPropertySourceBuilder     : Ignore the empty nacos configuration and get it based on dataId[RegisterCenter] & group[DEFAULT_GROUP]
2023-05-26 15:45:22.071  WARN 17496 --- [           main] c.a.c.n.c.NacosPropertySourceBuilder     : Ignore the empty nacos configuration and get it based on dataId[RegisterCenter.yaml] & group[DEFAULT_GROUP]
2023-05-26 15:45:22.088  INFO 17496 --- [           main] b.c.PropertySourceBootstrapConfiguration : Located property source: [BootstrapPropertySource {name='bootstrapProperties-RegisterCenter-dev.yaml,DEFAULT_GROUP'}, BootstrapPropertySource {name='bootstrapProperties-RegisterCenter.yaml,DEFAULT_GROUP'}, BootstrapPropertySource {name='bootstrapProperties-RegisterCenter,DEFAULT_GROUP'}]
2023-05-26 15:45:22.098  INFO 17496 --- [           main] com.parsley.FirstTest                    : The following 1 profile is active: "dev"
2023-05-26 15:45:22.693  INFO 17496 --- [           main] o.s.cloud.context.scope.GenericScope     : BeanFactory id=eb8a0304-405d-387a-b58e-4c9c80909118
 _ _   |_  _ _|_. ___ _ |    _ 
| | |\/|_)(_| | |_\  |_)||_|_\ 
     /               |         
                        3.5.2 
2023-05-26 15:45:24.661  INFO 17496 --- [           main] o.s.c.openfeign.FeignClientFactoryBean   : For 'MessageCenter' URL not provided. Will try picking an instance via load-balancing.
2023-05-26 15:45:25.128  INFO 17496 --- [           main] c.a.c.sentinel.SentinelWebMvcConfigurer  : [Sentinel Starter] register SentinelWebInterceptor with urlPatterns: [/**].
2023-05-26 15:45:26.624  WARN 17496 --- [           main] iguration$LoadBalancerCaffeineWarnLogger : Spring Cloud LoadBalancer is currently working with the default cache. While this cache implementation is useful for development and tests, it's recommended to use Caffeine cache in production.You can switch to using Caffeine cache, by adding it and org.springframework.cache.caffeine.CaffeineCacheManager to the classpath.
2023-05-26 15:45:26.740  INFO 17496 --- [           main] com.alibaba.nacos.common.remote.client   : [RpcClientFactory] create a new rpc client of 227b5c73-db0e-4450-bccb-3904565903d1_config-0
2023-05-26 15:45:26.740  INFO 17496 --- [           main] com.alibaba.nacos.common.remote.client   : [227b5c73-db0e-4450-bccb-3904565903d1_config-0] RpcClient init label, labels = {module=config, Vipserver-Tag=null, source=sdk, Amory-Tag=null, Location-Tag=null, taskId=0, AppName=unknown}
2023-05-26 15:45:26.740  INFO 17496 --- [           main] com.alibaba.nacos.common.remote.client   : [227b5c73-db0e-4450-bccb-3904565903d1_config-0] Register server push request handler:com.alibaba.nacos.client.config.impl.ClientWorker$ConfigRpcTransportClient$$Lambda$641/2084920982
2023-05-26 15:45:26.740  INFO 17496 --- [           main] com.alibaba.nacos.common.remote.client   : [227b5c73-db0e-4450-bccb-3904565903d1_config-0] Register server push request handler:com.alibaba.nacos.client.config.impl.ClientWorker$ConfigRpcTransportClient$$Lambda$642/9983638
2023-05-26 15:45:26.740  INFO 17496 --- [           main] com.alibaba.nacos.common.remote.client   : [227b5c73-db0e-4450-bccb-3904565903d1_config-0] Registry connection listener to current client:com.alibaba.nacos.client.config.impl.ClientWorker$ConfigRpcTransportClient$1
2023-05-26 15:45:26.741  INFO 17496 --- [           main] com.alibaba.nacos.common.remote.client   : [227b5c73-db0e-4450-bccb-3904565903d1_config-0] RpcClient init, ServerListFactory = com.alibaba.nacos.client.config.impl.ClientWorker$ConfigRpcTransportClient$2
2023-05-26 15:45:26.741  INFO 17496 --- [           main] com.alibaba.nacos.common.remote.client   : [227b5c73-db0e-4450-bccb-3904565903d1_config-0] Try to connect to server on start up, server: {serverIp = 'localhost', server main port = 8848}
2023-05-26 15:45:26.861  INFO 17496 --- [           main] com.alibaba.nacos.common.remote.client   : [227b5c73-db0e-4450-bccb-3904565903d1_config-0] Success to connect to server [localhost:8848] on start up, connectionId = 1685087126749_172.24.0.1_33216
2023-05-26 15:45:26.861  INFO 17496 --- [           main] com.alibaba.nacos.common.remote.client   : [227b5c73-db0e-4450-bccb-3904565903d1_config-0] Register server push request handler:com.alibaba.nacos.common.remote.client.RpcClient$ConnectResetRequestHandler
2023-05-26 15:45:26.861  INFO 17496 --- [t.remote.worker] com.alibaba.nacos.common.remote.client   : [227b5c73-db0e-4450-bccb-3904565903d1_config-0] Notify connected event to listeners.
2023-05-26 15:45:26.861  INFO 17496 --- [           main] com.alibaba.nacos.common.remote.client   : [227b5c73-db0e-4450-bccb-3904565903d1_config-0] Register server push request handler:com.alibaba.nacos.common.remote.client.RpcClient$$Lambda$650/162144258
INFO: Sentinel log output type is: file
INFO: Sentinel log charset is: utf-8
INFO: Sentinel log base directory is: C:\Users\HOME\logs\csp\
INFO: Sentinel log name use pid is: false
INFO: Sentinel log level is: INFO
2023-05-26 15:45:27.011  INFO 17496 --- [           main] com.alibaba.nacos.common.remote.client   : [RpcClientFactory] create a new rpc client of 2f7a1b2a-3ec8-4fcb-b9e1-6f4fb76d45a7
2023-05-26 15:45:27.011  INFO 17496 --- [           main] com.alibaba.nacos.common.remote.client   : [2f7a1b2a-3ec8-4fcb-b9e1-6f4fb76d45a7] RpcClient init label, labels = {module=naming, source=sdk}
2023-05-26 15:45:27.013  INFO 17496 --- [           main] com.alibaba.nacos.common.remote.client   : [2f7a1b2a-3ec8-4fcb-b9e1-6f4fb76d45a7] RpcClient init, ServerListFactory = com.alibaba.nacos.client.naming.core.ServerListManager
2023-05-26 15:45:27.013  INFO 17496 --- [           main] com.alibaba.nacos.common.remote.client   : [2f7a1b2a-3ec8-4fcb-b9e1-6f4fb76d45a7] Registry connection listener to current client:com.alibaba.nacos.client.naming.remote.gprc.redo.NamingGrpcRedoService
2023-05-26 15:45:27.013  INFO 17496 --- [           main] com.alibaba.nacos.common.remote.client   : [2f7a1b2a-3ec8-4fcb-b9e1-6f4fb76d45a7] Register server push request handler:com.alibaba.nacos.client.naming.remote.gprc.NamingPushRequestHandler
2023-05-26 15:45:27.013  INFO 17496 --- [           main] com.alibaba.nacos.common.remote.client   : [2f7a1b2a-3ec8-4fcb-b9e1-6f4fb76d45a7] Try to connect to server on start up, server: {serverIp = 'localhost', server main port = 8848}
2023-05-26 15:45:27.142  INFO 17496 --- [           main] com.alibaba.nacos.common.remote.client   : [2f7a1b2a-3ec8-4fcb-b9e1-6f4fb76d45a7] Success to connect to server [localhost:8848] on start up, connectionId = 1685087127020_172.24.0.1_33220
2023-05-26 15:45:27.142  INFO 17496 --- [           main] com.alibaba.nacos.common.remote.client   : [2f7a1b2a-3ec8-4fcb-b9e1-6f4fb76d45a7] Register server push request handler:com.alibaba.nacos.common.remote.client.RpcClient$ConnectResetRequestHandler
2023-05-26 15:45:27.142  INFO 17496 --- [t.remote.worker] com.alibaba.nacos.common.remote.client   : [2f7a1b2a-3ec8-4fcb-b9e1-6f4fb76d45a7] Notify connected event to listeners.
2023-05-26 15:45:27.142  INFO 17496 --- [           main] com.alibaba.nacos.common.remote.client   : [2f7a1b2a-3ec8-4fcb-b9e1-6f4fb76d45a7] Register server push request handler:com.alibaba.nacos.common.remote.client.RpcClient$$Lambda$650/162144258
2023-05-26 15:45:27.177  INFO 17496 --- [           main] com.parsley.FirstTest                    : Started FirstTest in 8.722 seconds (JVM running for 9.499)
2023-05-26 15:45:27.180  INFO 17496 --- [           main] c.a.c.n.refresh.NacosContextRefresher    : [Nacos Config] Listening config: dataId=RegisterCenter, group=DEFAULT_GROUP
2023-05-26 15:45:27.181  INFO 17496 --- [           main] c.a.c.n.refresh.NacosContextRefresher    : [Nacos Config] Listening config: dataId=RegisterCenter.yaml, group=DEFAULT_GROUP
2023-05-26 15:45:27.183  INFO 17496 --- [           main] c.a.c.n.refresh.NacosContextRefresher    : [Nacos Config] Listening config: dataId=RegisterCenter-dev.yaml, group=DEFAULT_GROUP
2023-05-26 15:45:27.578  INFO 17496 --- [           main] com.alibaba.druid.pool.DruidDataSource   : {dataSource-1} inited
2023-05-26 15:45:27.684  INFO 17496 --- [ient-executor-5] com.alibaba.nacos.common.remote.client   : [2f7a1b2a-3ec8-4fcb-b9e1-6f4fb76d45a7] Receive server push request, request = NotifySubscriberRequest, requestId = 15
2023-05-26 15:45:27.685  INFO 17496 --- [ient-executor-5] com.alibaba.nacos.common.remote.client   : [2f7a1b2a-3ec8-4fcb-b9e1-6f4fb76d45a7] Ack server push request, request = NotifySubscriberRequest, requestId = 15
]]></system-out>
  </testcase>
  <testcase name="test2" classname="com.parsley.FirstTest" time="0.059"/>
  <testcase name="test3" classname="com.parsley.FirstTest" time="0.065"/>
  <testcase name="test4" classname="com.parsley.FirstTest" time="0.079"/>
</testsuite>