<?xml version="1.0" encoding="UTF-8"?>
<testsuite xmlns:xsi="http://www.w3.org/2001/XMLSchema-instance" xsi:noNamespaceSchemaLocation="https://maven.apache.org/surefire/maven-surefire-plugin/xsd/surefire-test-report-3.0.xsd" version="3.0" name="com.parsley.uploadTest" time="7.041" tests="1" errors="0" skipped="0" failures="0">
  <properties>
[...]
</properties>
  <testcase name="test01" classname="com.parsley.uploadTest" time="0.168">
    <system-out><![CDATA[15:45:35.100 [main] DEBUG org.springframework.test.context.BootstrapUtils - Instantiating CacheAwareContextLoaderDelegate from class [org.springframework.test.context.cache.DefaultCacheAwareContextLoaderDelegate]
15:45:35.107 [main] DEBUG org.springframework.test.context.BootstrapUtils - Instantiating BootstrapContext using constructor [public org.springframework.test.context.support.DefaultBootstrapContext(java.lang.Class,org.springframework.test.context.CacheAwareContextLoaderDelegate)]
15:45:35.132 [main] DEBUG org.springframework.test.context.BootstrapUtils - Instantiating TestContextBootstrapper for test class [com.parsley.uploadTest] from class [org.springframework.boot.test.context.SpringBootTestContextBootstrapper]
15:45:35.142 [main] INFO org.springframework.boot.test.context.SpringBootTestContextBootstrapper - Neither @ContextConfiguration nor @ContextHierarchy found for test class [com.parsley.uploadTest], using SpringBootContextLoader
15:45:35.145 [main] DEBUG org.springframework.test.context.support.AbstractContextLoader - Did not detect default resource location for test class [com.parsley.uploadTest]: class path resource [com/parsley/uploadTest-context.xml] does not exist
15:45:35.145 [main] DEBUG org.springframework.test.context.support.AbstractContextLoader - Did not detect default resource location for test class [com.parsley.uploadTest]: class path resource [com/parsley/uploadTestContext.groovy] does not exist
15:45:35.145 [main] INFO org.springframework.test.context.support.AbstractContextLoader - Could not detect default resource locations for test class [com.parsley.uploadTest]: no resource found for suffixes {-context.xml, Context.groovy}.
15:45:35.146 [main] INFO org.springframework.test.context.support.AnnotationConfigContextLoaderUtils - Could not detect default configuration classes for test class [com.parsley.uploadTest]: uploadTest does not declare any static, non-private, non-final, nested classes annotated with @Configuration.
15:45:35.182 [main] DEBUG org.springframework.test.context.support.ActiveProfilesUtils - Could not find an 'annotation declaring class' for annotation type [org.springframework.test.context.ActiveProfiles] and class [com.parsley.uploadTest]
15:45:35.233 [main] DEBUG org.springframework.context.annotation.ClassPathScanningCandidateComponentProvider - Identified candidate component class: file [D:\Study\IntelliJ IDEA 2022.3.2\MyData\HardwareCenter\UploadCenter\target\classes\com\parsley\UploadCenter.class]
15:45:35.234 [main] INFO org.springframework.boot.test.context.SpringBootTestContextBootstrapper - Found @SpringBootConfiguration com.parsley.UploadCenter for test class com.parsley.uploadTest
15:45:35.304 [main] DEBUG org.springframework.boot.test.context.SpringBootTestContextBootstrapper - @TestExecutionListeners is not present for class [com.parsley.uploadTest]: using defaults.
15:45:35.305 [main] INFO org.springframework.boot.test.context.SpringBootTestContextBootstrapper - Loaded default TestExecutionListener class names from location [META-INF/spring.factories]: [org.springframework.boot.test.mock.mockito.MockitoTestExecutionListener, org.springframework.boot.test.mock.mockito.ResetMocksTestExecutionListener, org.springframework.boot.test.autoconfigure.restdocs.RestDocsTestExecutionListener, org.springframework.boot.test.autoconfigure.web.client.MockRestServiceServerResetTestExecutionListener, org.springframework.boot.test.autoconfigure.web.servlet.MockMvcPrintOnlyOnFailureTestExecutionListener, org.springframework.boot.test.autoconfigure.web.servlet.WebDriverTestExecutionListener, org.springframework.boot.test.autoconfigure.webservices.client.MockWebServiceServerTestExecutionListener, org.springframework.test.context.web.ServletTestExecutionListener, org.springframework.test.context.support.DirtiesContextBeforeModesTestExecutionListener, org.springframework.test.context.event.ApplicationEventsTestExecutionListener, org.springframework.test.context.support.DependencyInjectionTestExecutionListener, org.springframework.test.context.support.DirtiesContextTestExecutionListener, org.springframework.test.context.transaction.TransactionalTestExecutionListener, org.springframework.test.context.jdbc.SqlScriptsTestExecutionListener, org.springframework.test.context.event.EventPublishingTestExecutionListener]
15:45:35.316 [main] DEBUG org.springframework.boot.test.context.SpringBootTestContextBootstrapper - Skipping candidate TestExecutionListener [org.springframework.test.context.transaction.TransactionalTestExecutionListener] due to a missing dependency. Specify custom listener classes or make the default listener classes and their required dependencies available. Offending class: [org/springframework/transaction/interceptor/TransactionAttributeSource]
15:45:35.316 [main] DEBUG org.springframework.boot.test.context.SpringBootTestContextBootstrapper - Skipping candidate TestExecutionListener [org.springframework.test.context.jdbc.SqlScriptsTestExecutionListener] due to a missing dependency. Specify custom listener classes or make the default listener classes and their required dependencies available. Offending class: [org/springframework/transaction/interceptor/TransactionAttribute]
15:45:35.316 [main] INFO org.springframework.boot.test.context.SpringBootTestContextBootstrapper - Using TestExecutionListeners: [org.springframework.test.context.web.ServletTestExecutionListener@6f36c2f0, org.springframework.test.context.support.DirtiesContextBeforeModesTestExecutionListener@f58853c, org.springframework.test.context.event.ApplicationEventsTestExecutionListener@1224144a, org.springframework.boot.test.mock.mockito.MockitoTestExecutionListener@29f7cefd, org.springframework.boot.test.autoconfigure.SpringBootDependencyInjectionTestExecutionListener@700fb871, org.springframework.test.context.support.DirtiesContextTestExecutionListener@3b35a229, org.springframework.test.context.event.EventPublishingTestExecutionListener@9816741, org.springframework.boot.test.mock.mockito.ResetMocksTestExecutionListener@1e16c0aa, org.springframework.boot.test.autoconfigure.restdocs.RestDocsTestExecutionListener@13d73f29, org.springframework.boot.test.autoconfigure.web.client.MockRestServiceServerResetTestExecutionListener@565f390, org.springframework.boot.test.autoconfigure.web.servlet.MockMvcPrintOnlyOnFailureTestExecutionListener@7dc3712, org.springframework.boot.test.autoconfigure.web.servlet.WebDriverTestExecutionListener@2f67a4d3, org.springframework.boot.test.autoconfigure.webservices.client.MockWebServiceServerTestExecutionListener@5e3f861]
15:45:35.320 [main] DEBUG org.springframework.test.context.support.AbstractDirtiesContextTestExecutionListener - Before test class: context [DefaultTestContext@2235eaab testClass = uploadTest, testInstance = [null], testMethod = [null], testException = [null], mergedContextConfiguration = [WebMergedContextConfiguration@17503f6b testClass = uploadTest, locations = '{}', classes = '{class com.parsley.UploadCenter}', contextInitializerClasses = '[]', activeProfiles = '{}', propertySourceLocations = '{}', propertySourceProperties = '{org.springframework.boot.test.context.SpringBootTestContextBootstrapper=true}', contextCustomizers = set[org.springframework.boot.test.context.filter.ExcludeFilterContextCustomizer@302552ec, org.springframework.boot.test.json.DuplicateJsonObjectContextCustomizerFactory$DuplicateJsonObjectContextCustomizer@49438269, org.springframework.boot.test.mock.mockito.MockitoContextCustomizer@0, org.springframework.boot.test.web.client.TestRestTemplateContextCustomizer@247bddad, org.springframework.boot.test.autoconfigure.actuate.metrics.MetricsExportContextCustomizerFactory$DisableMetricExportContextCustomizer@41a2befb, org.springframework.boot.test.autoconfigure.properties.PropertyMappingContextCustomizer@0, org.springframework.boot.test.autoconfigure.web.servlet.WebDriverContextCustomizerFactory$Customizer@7d8704ef, org.springframework.boot.test.context.SpringBootTestArgs@1, org.springframework.boot.test.context.SpringBootTestWebEnvironment@3224f60b], resourceBasePath = 'src/main/webapp', contextLoader = 'org.springframework.boot.test.context.SpringBootContextLoader', parent = [null]], attributes = map['org.springframework.test.context.web.ServletTestExecutionListener.activateListener' -> true]], class annotated with @DirtiesContext [false] with mode [null].

  .   ____          _            __ _ _
 /\\ / ___'_ __ _ _(_)_ __  __ _ \ \ \ \
( ( )\___ | '_ | '_| | '_ \/ _` | \ \ \ \
 \\/  ___)| |_)| | | | | || (_| |  ) ) ) )
  '  |____| .__|_| |_|_| |_\__, | / / / /
 =========|_|==============|___/=/_/_/_/
 :: Spring Boot ::                (v2.7.5)

2023-05-26 15:45:37.320  INFO 26204 --- [           main] com.alibaba.nacos.common.remote.client   : [RpcClientFactory] create a new rpc client of c7684ed0-a445-4fe6-ac32-52113ad73ae1_config-0
2023-05-26 15:45:37.377  INFO 26204 --- [           main] org.reflections.Reflections              : Reflections took 32 ms to scan 1 urls, producing 3 keys and 6 values 
2023-05-26 15:45:37.405  INFO 26204 --- [           main] org.reflections.Reflections              : Reflections took 14 ms to scan 1 urls, producing 4 keys and 9 values 
2023-05-26 15:45:37.414  INFO 26204 --- [           main] org.reflections.Reflections              : Reflections took 8 ms to scan 1 urls, producing 3 keys and 10 values 
2023-05-26 15:45:37.426  INFO 26204 --- [           main] org.reflections.Reflections              : Reflections took 10 ms to scan 13 urls, producing 0 keys and 0 values 
2023-05-26 15:45:37.434  INFO 26204 --- [           main] org.reflections.Reflections              : Reflections took 7 ms to scan 1 urls, producing 1 keys and 5 values 
2023-05-26 15:45:37.446  INFO 26204 --- [           main] org.reflections.Reflections              : Reflections took 11 ms to scan 1 urls, producing 1 keys and 7 values 
2023-05-26 15:45:37.458  INFO 26204 --- [           main] org.reflections.Reflections              : Reflections took 10 ms to scan 1 urls, producing 2 keys and 8 values 
2023-05-26 15:45:37.477  INFO 26204 --- [           main] org.reflections.Reflections              : Reflections took 17 ms to scan 13 urls, producing 0 keys and 0 values 
2023-05-26 15:45:37.478  INFO 26204 --- [           main] com.alibaba.nacos.common.remote.client   : [c7684ed0-a445-4fe6-ac32-52113ad73ae1_config-0] RpcClient init label, labels = {module=config, Vipserver-Tag=null, source=sdk, Amory-Tag=null, Location-Tag=null, taskId=0, AppName=unknown}
2023-05-26 15:45:37.478  INFO 26204 --- [           main] com.alibaba.nacos.common.remote.client   : [c7684ed0-a445-4fe6-ac32-52113ad73ae1_config-0] Register server push request handler:com.alibaba.nacos.client.config.impl.ClientWorker$ConfigRpcTransportClient$$Lambda$641/540206885
2023-05-26 15:45:37.478  INFO 26204 --- [           main] com.alibaba.nacos.common.remote.client   : [c7684ed0-a445-4fe6-ac32-52113ad73ae1_config-0] Register server push request handler:com.alibaba.nacos.client.config.impl.ClientWorker$ConfigRpcTransportClient$$Lambda$642/1294139740
2023-05-26 15:45:37.478  INFO 26204 --- [           main] com.alibaba.nacos.common.remote.client   : [c7684ed0-a445-4fe6-ac32-52113ad73ae1_config-0] Registry connection listener to current client:com.alibaba.nacos.client.config.impl.ClientWorker$ConfigRpcTransportClient$1
2023-05-26 15:45:37.479  INFO 26204 --- [           main] com.alibaba.nacos.common.remote.client   : [c7684ed0-a445-4fe6-ac32-52113ad73ae1_config-0] RpcClient init, ServerListFactory = com.alibaba.nacos.client.config.impl.ClientWorker$ConfigRpcTransportClient$2
2023-05-26 15:45:37.483  INFO 26204 --- [           main] com.alibaba.nacos.common.remote.client   : [c7684ed0-a445-4fe6-ac32-52113ad73ae1_config-0] Try to connect to server on start up, server: {serverIp = 'localhost', server main port = 8848}
2023-05-26 15:45:39.084  INFO 26204 --- [           main] com.alibaba.nacos.common.remote.client   : [c7684ed0-a445-4fe6-ac32-52113ad73ae1_config-0] Success to connect to server [localhost:8848] on start up, connectionId = 1685087138913_172.24.0.1_56642
2023-05-26 15:45:39.084  INFO 26204 --- [t.remote.worker] com.alibaba.nacos.common.remote.client   : [c7684ed0-a445-4fe6-ac32-52113ad73ae1_config-0] Notify connected event to listeners.
2023-05-26 15:45:39.085  INFO 26204 --- [           main] com.alibaba.nacos.common.remote.client   : [c7684ed0-a445-4fe6-ac32-52113ad73ae1_config-0] Register server push request handler:com.alibaba.nacos.common.remote.client.RpcClient$ConnectResetRequestHandler
2023-05-26 15:45:39.085  INFO 26204 --- [           main] com.alibaba.nacos.common.remote.client   : [c7684ed0-a445-4fe6-ac32-52113ad73ae1_config-0] Register server push request handler:com.alibaba.nacos.common.remote.client.RpcClient$$Lambda$650/435034854
2023-05-26 15:45:39.120  WARN 26204 --- [           main] c.a.c.n.c.NacosPropertySourceBuilder     : Ignore the empty nacos configuration and get it based on dataId[UploadCenter] & group[DEFAULT_GROUP]
2023-05-26 15:45:39.129  WARN 26204 --- [           main] c.a.c.n.c.NacosPropertySourceBuilder     : Ignore the empty nacos configuration and get it based on dataId[UploadCenter.yaml] & group[DEFAULT_GROUP]
2023-05-26 15:45:39.144  INFO 26204 --- [           main] b.c.PropertySourceBootstrapConfiguration : Located property source: [BootstrapPropertySource {name='bootstrapProperties-UploadCenter-dev.yaml,DEFAULT_GROUP'}, BootstrapPropertySource {name='bootstrapProperties-UploadCenter.yaml,DEFAULT_GROUP'}, BootstrapPropertySource {name='bootstrapProperties-UploadCenter,DEFAULT_GROUP'}]
2023-05-26 15:45:39.154  INFO 26204 --- [           main] com.parsley.uploadTest                   : The following 1 profile is active: "dev"
2023-05-26 15:45:39.537  INFO 26204 --- [           main] o.s.cloud.context.scope.GenericScope     : BeanFactory id=161b1228-8a47-3ba5-994f-86d3fd5b5d18
2023-05-26 15:45:40.154  INFO 26204 --- [           main] c.a.c.sentinel.SentinelWebMvcConfigurer  : [Sentinel Starter] register SentinelWebInterceptor with urlPatterns: [/**].
2023-05-26 15:45:41.520  INFO 26204 --- [           main] com.alibaba.nacos.common.remote.client   : [RpcClientFactory] create a new rpc client of ae81595e-34c9-447d-bdbb-a32d86ec079f_config-0
2023-05-26 15:45:41.520  INFO 26204 --- [           main] com.alibaba.nacos.common.remote.client   : [ae81595e-34c9-447d-bdbb-a32d86ec079f_config-0] RpcClient init label, labels = {module=config, Vipserver-Tag=null, source=sdk, Amory-Tag=null, Location-Tag=null, taskId=0, AppName=unknown}
2023-05-26 15:45:41.520  INFO 26204 --- [           main] com.alibaba.nacos.common.remote.client   : [ae81595e-34c9-447d-bdbb-a32d86ec079f_config-0] Register server push request handler:com.alibaba.nacos.client.config.impl.ClientWorker$ConfigRpcTransportClient$$Lambda$641/540206885
2023-05-26 15:45:41.520  INFO 26204 --- [           main] com.alibaba.nacos.common.remote.client   : [ae81595e-34c9-447d-bdbb-a32d86ec079f_config-0] Register server push request handler:com.alibaba.nacos.client.config.impl.ClientWorker$ConfigRpcTransportClient$$Lambda$642/1294139740
2023-05-26 15:45:41.521  INFO 26204 --- [           main] com.alibaba.nacos.common.remote.client   : [ae81595e-34c9-447d-bdbb-a32d86ec079f_config-0] Registry connection listener to current client:com.alibaba.nacos.client.config.impl.ClientWorker$ConfigRpcTransportClient$1
2023-05-26 15:45:41.521  INFO 26204 --- [           main] com.alibaba.nacos.common.remote.client   : [ae81595e-34c9-447d-bdbb-a32d86ec079f_config-0] RpcClient init, ServerListFactory = com.alibaba.nacos.client.config.impl.ClientWorker$ConfigRpcTransportClient$2
2023-05-26 15:45:41.521  INFO 26204 --- [           main] com.alibaba.nacos.common.remote.client   : [ae81595e-34c9-447d-bdbb-a32d86ec079f_config-0] Try to connect to server on start up, server: {serverIp = 'localhost', server main port = 8848}
2023-05-26 15:45:41.641  INFO 26204 --- [           main] com.alibaba.nacos.common.remote.client   : [ae81595e-34c9-447d-bdbb-a32d86ec079f_config-0] Success to connect to server [localhost:8848] on start up, connectionId = 1685087141527_172.24.0.1_56656
2023-05-26 15:45:41.641  INFO 26204 --- [           main] com.alibaba.nacos.common.remote.client   : [ae81595e-34c9-447d-bdbb-a32d86ec079f_config-0] Register server push request handler:com.alibaba.nacos.common.remote.client.RpcClient$ConnectResetRequestHandler
2023-05-26 15:45:41.641  INFO 26204 --- [t.remote.worker] com.alibaba.nacos.common.remote.client   : [ae81595e-34c9-447d-bdbb-a32d86ec079f_config-0] Notify connected event to listeners.
2023-05-26 15:45:41.641  INFO 26204 --- [           main] com.alibaba.nacos.common.remote.client   : [ae81595e-34c9-447d-bdbb-a32d86ec079f_config-0] Register server push request handler:com.alibaba.nacos.common.remote.client.RpcClient$$Lambda$650/435034854
INFO: Sentinel log output type is: file
INFO: Sentinel log charset is: utf-8
INFO: Sentinel log base directory is: C:\Users\HOME\logs\csp\
INFO: Sentinel log name use pid is: false
INFO: Sentinel log level is: INFO
2023-05-26 15:45:41.757  INFO 26204 --- [           main] com.alibaba.nacos.common.remote.client   : [RpcClientFactory] create a new rpc client of 4e900d36-b91d-4b2d-8c64-0edf01ef9539
2023-05-26 15:45:41.757  INFO 26204 --- [           main] com.alibaba.nacos.common.remote.client   : [4e900d36-b91d-4b2d-8c64-0edf01ef9539] RpcClient init label, labels = {module=naming, source=sdk}
2023-05-26 15:45:41.758  INFO 26204 --- [           main] com.alibaba.nacos.common.remote.client   : [4e900d36-b91d-4b2d-8c64-0edf01ef9539] RpcClient init, ServerListFactory = com.alibaba.nacos.client.naming.core.ServerListManager
2023-05-26 15:45:41.758  INFO 26204 --- [           main] com.alibaba.nacos.common.remote.client   : [4e900d36-b91d-4b2d-8c64-0edf01ef9539] Registry connection listener to current client:com.alibaba.nacos.client.naming.remote.gprc.redo.NamingGrpcRedoService
2023-05-26 15:45:41.759  INFO 26204 --- [           main] com.alibaba.nacos.common.remote.client   : [4e900d36-b91d-4b2d-8c64-0edf01ef9539] Register server push request handler:com.alibaba.nacos.client.naming.remote.gprc.NamingPushRequestHandler
2023-05-26 15:45:41.759  INFO 26204 --- [           main] com.alibaba.nacos.common.remote.client   : [4e900d36-b91d-4b2d-8c64-0edf01ef9539] Try to connect to server on start up, server: {serverIp = 'localhost', server main port = 8848}
2023-05-26 15:45:41.876  INFO 26204 --- [           main] com.alibaba.nacos.common.remote.client   : [4e900d36-b91d-4b2d-8c64-0edf01ef9539] Success to connect to server [localhost:8848] on start up, connectionId = 1685087141766_172.24.0.1_56668
2023-05-26 15:45:41.876  INFO 26204 --- [           main] com.alibaba.nacos.common.remote.client   : [4e900d36-b91d-4b2d-8c64-0edf01ef9539] Register server push request handler:com.alibaba.nacos.common.remote.client.RpcClient$ConnectResetRequestHandler
2023-05-26 15:45:41.876  INFO 26204 --- [t.remote.worker] com.alibaba.nacos.common.remote.client   : [4e900d36-b91d-4b2d-8c64-0edf01ef9539] Notify connected event to listeners.
2023-05-26 15:45:41.876  INFO 26204 --- [           main] com.alibaba.nacos.common.remote.client   : [4e900d36-b91d-4b2d-8c64-0edf01ef9539] Register server push request handler:com.alibaba.nacos.common.remote.client.RpcClient$$Lambda$650/435034854
2023-05-26 15:45:41.901  INFO 26204 --- [           main] com.parsley.uploadTest                   : Started uploadTest in 6.543 seconds (JVM running for 7.285)
2023-05-26 15:45:41.905  INFO 26204 --- [           main] c.a.c.n.refresh.NacosContextRefresher    : [Nacos Config] Listening config: dataId=UploadCenter-dev.yaml, group=DEFAULT_GROUP
2023-05-26 15:45:41.907  INFO 26204 --- [           main] c.a.c.n.refresh.NacosContextRefresher    : [Nacos Config] Listening config: dataId=UploadCenter.yaml, group=DEFAULT_GROUP
2023-05-26 15:45:41.908  INFO 26204 --- [           main] c.a.c.n.refresh.NacosContextRefresher    : [Nacos Config] Listening config: dataId=UploadCenter, group=DEFAULT_GROUP
]]></system-out>
  </testcase>
</testsuite>